<?xml version="1.0" encoding="UTF-8" ?>
<testsuite failures="0" time="0.031" errors="0" skipped="0" tests="6" name="net.kielsaenz.consultorio.dao.hibernate.UbigeoDaoHbnTest">
  <properties>
    <property name="java.runtime.name" value="Java(TM) SE Runtime Environment"/>
    <property name="sun.boot.library.path" value="C:\Archivos de programa\Java\jdk1.6.0_20\jre\bin"/>
    <property name="java.vm.version" value="16.3-b01"/>
    <property name="java.vm.vendor" value="Sun Microsystems Inc."/>
    <property name="java.vendor.url" value="http://java.sun.com/"/>
    <property name="path.separator" value=";"/>
    <property name="java.vm.name" value="Java HotSpot(TM) Client VM"/>
    <property name="file.encoding.pkg" value="sun.io"/>
    <property name="user.country" value="ES"/>
    <property name="sun.java.launcher" value="SUN_STANDARD"/>
    <property name="sun.os.patch.level" value="Service Pack 3"/>
    <property name="java.vm.specification.name" value="Java Virtual Machine Specification"/>
    <property name="user.dir" value="C:\DATA\NetBeans workspace\ConsultorioMedicoDaoHbn"/>
    <property name="java.runtime.version" value="1.6.0_20-b02"/>
    <property name="java.awt.graphicsenv" value="sun.awt.Win32GraphicsEnvironment"/>
    <property name="basedir" value="C:\DATA\NetBeans workspace\ConsultorioMedicoDaoHbn"/>
    <property name="java.endorsed.dirs" value="C:\Archivos de programa\Java\jdk1.6.0_20\jre\lib\endorsed"/>
    <property name="os.arch" value="x86"/>
    <property name="surefire.real.class.path" value="C:\DOCUME~1\Kiel\CONFIG~1\Temp\surefirebooter4328967936832481929.jar"/>
    <property name="java.io.tmpdir" value="C:\DOCUME~1\Kiel\CONFIG~1\Temp\"/>
    <property name="line.separator" value="
"/>
    <property name="java.vm.specification.vendor" value="Sun Microsystems Inc."/>
    <property name="user.variant" value=""/>
    <property name="os.name" value="Windows XP"/>
    <property name="sun.jnu.encoding" value="Cp1252"/>
    <property name="java.library.path" value="C:\Archivos de programa\Java\jdk1.6.0_20\jre\bin;.;C:\WINDOWS\Sun\Java\bin;C:\WINDOWS\system32;C:\WINDOWS;C:\WINDOWS\system32;C:\WINDOWS;C:\WINDOWS\System32\Wbem;C:\Archivos de programa\MySQL\MySQL Server 5.1\bin;C:\Archivos de programa\TortoiseSVN\bin;C:\Archivos de programa\apache-maven-2.2.1\bin;C:\Archivos de programa\Java\jdk1.6.0_20\bin"/>
    <property name="surefire.test.class.path" value="C:\DATA\NetBeans workspace\ConsultorioMedicoDaoHbn\target\test-classes;C:\DATA\NetBeans workspace\ConsultorioMedicoDaoHbn\target\classes;C:\Documents and Settings\Kiel\.m2\repository\junit\junit\4.8.1\junit-4.8.1.jar;C:\Documents and Settings\Kiel\.m2\repository\net\kielsaenz\consultorio.medico.model\1.0\consultorio.medico.model-1.0.jar;C:\Documents and Settings\Kiel\.m2\repository\org\hibernate\ejb3-persistence\1.0.2.GA\ejb3-persistence-1.0.2.GA.jar;C:\Documents and Settings\Kiel\.m2\repository\net\kielsaenz\consultorio.medico.dao\1.0\consultorio.medico.dao-1.0.jar;C:\Documents and Settings\Kiel\.m2\repository\javax\transaction\jta\1.1\jta-1.1.jar;C:\Documents and Settings\Kiel\.m2\repository\org\slf4j\slf4j-jdk14\1.4.2\slf4j-jdk14-1.4.2.jar;C:\Documents and Settings\Kiel\.m2\repository\org\slf4j\slf4j-api\1.4.2\slf4j-api-1.4.2.jar;C:\Documents and Settings\Kiel\.m2\repository\javassist\javassist\3.8.0.GA\javassist-3.8.0.GA.jar;C:\Documents and Settings\Kiel\.m2\repository\org\hibernate\hibernate-annotations\3.4.0.GA\hibernate-annotations-3.4.0.GA.jar;C:\Documents and Settings\Kiel\.m2\repository\org\hibernate\hibernate-commons-annotations\3.1.0.GA\hibernate-commons-annotations-3.1.0.GA.jar;C:\Documents and Settings\Kiel\.m2\repository\org\hibernate\hibernate-core\3.3.0.SP1\hibernate-core-3.3.0.SP1.jar;C:\Documents and Settings\Kiel\.m2\repository\antlr\antlr\2.7.6\antlr-2.7.6.jar;C:\Documents and Settings\Kiel\.m2\repository\commons-collections\commons-collections\3.1\commons-collections-3.1.jar;C:\Documents and Settings\Kiel\.m2\repository\dom4j\dom4j\1.6.1\dom4j-1.6.1.jar;C:\Documents and Settings\Kiel\.m2\repository\xml-apis\xml-apis\1.0.b2\xml-apis-1.0.b2.jar;C:\Documents and Settings\Kiel\.m2\repository\mysql\mysql-connector-java\5.1.12\mysql-connector-java-5.1.12.jar;"/>
    <property name="java.specification.name" value="Java Platform API Specification"/>
    <property name="java.class.version" value="50.0"/>
    <property name="sun.management.compiler" value="HotSpot Client Compiler"/>
    <property name="os.version" value="5.1"/>
    <property name="user.home" value="C:\Documents and Settings\Kiel"/>
    <property name="user.timezone" value="America/Bogota"/>
    <property name="java.awt.printerjob" value="sun.awt.windows.WPrinterJob"/>
    <property name="java.specification.version" value="1.6"/>
    <property name="file.encoding" value="Cp1252"/>
    <property name="user.name" value="Kiel"/>
    <property name="java.class.path" value="C:\DATA\NetBeans workspace\ConsultorioMedicoDaoHbn\target\test-classes;C:\DATA\NetBeans workspace\ConsultorioMedicoDaoHbn\target\classes;C:\Documents and Settings\Kiel\.m2\repository\junit\junit\4.8.1\junit-4.8.1.jar;C:\Documents and Settings\Kiel\.m2\repository\net\kielsaenz\consultorio.medico.model\1.0\consultorio.medico.model-1.0.jar;C:\Documents and Settings\Kiel\.m2\repository\org\hibernate\ejb3-persistence\1.0.2.GA\ejb3-persistence-1.0.2.GA.jar;C:\Documents and Settings\Kiel\.m2\repository\net\kielsaenz\consultorio.medico.dao\1.0\consultorio.medico.dao-1.0.jar;C:\Documents and Settings\Kiel\.m2\repository\javax\transaction\jta\1.1\jta-1.1.jar;C:\Documents and Settings\Kiel\.m2\repository\org\slf4j\slf4j-jdk14\1.4.2\slf4j-jdk14-1.4.2.jar;C:\Documents and Settings\Kiel\.m2\repository\org\slf4j\slf4j-api\1.4.2\slf4j-api-1.4.2.jar;C:\Documents and Settings\Kiel\.m2\repository\javassist\javassist\3.8.0.GA\javassist-3.8.0.GA.jar;C:\Documents and Settings\Kiel\.m2\repository\org\hibernate\hibernate-annotations\3.4.0.GA\hibernate-annotations-3.4.0.GA.jar;C:\Documents and Settings\Kiel\.m2\repository\org\hibernate\hibernate-commons-annotations\3.1.0.GA\hibernate-commons-annotations-3.1.0.GA.jar;C:\Documents and Settings\Kiel\.m2\repository\org\hibernate\hibernate-core\3.3.0.SP1\hibernate-core-3.3.0.SP1.jar;C:\Documents and Settings\Kiel\.m2\repository\antlr\antlr\2.7.6\antlr-2.7.6.jar;C:\Documents and Settings\Kiel\.m2\repository\commons-collections\commons-collections\3.1\commons-collections-3.1.jar;C:\Documents and Settings\Kiel\.m2\repository\dom4j\dom4j\1.6.1\dom4j-1.6.1.jar;C:\Documents and Settings\Kiel\.m2\repository\xml-apis\xml-apis\1.0.b2\xml-apis-1.0.b2.jar;C:\Documents and Settings\Kiel\.m2\repository\mysql\mysql-connector-java\5.1.12\mysql-connector-java-5.1.12.jar;"/>
    <property name="java.vm.specification.version" value="1.0"/>
    <property name="sun.arch.data.model" value="32"/>
    <property name="java.home" value="C:\Archivos de programa\Java\jdk1.6.0_20\jre"/>
    <property name="java.specification.vendor" value="Sun Microsystems Inc."/>
    <property name="user.language" value="es"/>
    <property name="awt.toolkit" value="sun.awt.windows.WToolkit"/>
    <property name="java.vm.info" value="mixed mode, sharing"/>
    <property name="java.version" value="1.6.0_20"/>
    <property name="java.ext.dirs" value="C:\Archivos de programa\Java\jdk1.6.0_20\jre\lib\ext;C:\WINDOWS\Sun\Java\lib\ext"/>
    <property name="sun.boot.class.path" value="C:\Archivos de programa\Java\jdk1.6.0_20\jre\lib\resources.jar;C:\Archivos de programa\Java\jdk1.6.0_20\jre\lib\rt.jar;C:\Archivos de programa\Java\jdk1.6.0_20\jre\lib\sunrsasign.jar;C:\Archivos de programa\Java\jdk1.6.0_20\jre\lib\jsse.jar;C:\Archivos de programa\Java\jdk1.6.0_20\jre\lib\jce.jar;C:\Archivos de programa\Java\jdk1.6.0_20\jre\lib\charsets.jar;C:\Archivos de programa\Java\jdk1.6.0_20\jre\classes"/>
    <property name="java.vendor" value="Sun Microsystems Inc."/>
    <property name="localRepository" value="C:\Documents and Settings\Kiel\.m2\repository"/>
    <property name="file.separator" value="\"/>
    <property name="java.vendor.url.bug" value="http://java.sun.com/cgi-bin/bugreport.cgi"/>
    <property name="sun.cpu.endian" value="little"/>
    <property name="sun.io.unicode.encoding" value="UnicodeLittle"/>
    <property name="sun.desktop" value="windows"/>
    <property name="sun.cpu.isalist" value="pentium_pro+mmx pentium_pro pentium+mmx pentium i486 i386 i86"/>
  </properties>
  <testcase time="0" classname="net.kielsaenz.consultorio.dao.hibernate.UbigeoDaoHbnTest" name="getDepartamentoPorIdTest"/>
  <testcase time="0.015" classname="net.kielsaenz.consultorio.dao.hibernate.UbigeoDaoHbnTest" name="getDepartamentosTest"/>
  <testcase time="0" classname="net.kielsaenz.consultorio.dao.hibernate.UbigeoDaoHbnTest" name="getDistritoPorIdTest"/>
  <testcase time="0" classname="net.kielsaenz.consultorio.dao.hibernate.UbigeoDaoHbnTest" name="getDistritosPorProvinciaTest"/>
  <testcase time="0.016" classname="net.kielsaenz.consultorio.dao.hibernate.UbigeoDaoHbnTest" name="getProvinciaPorIdTest"/>
  <testcase time="0" classname="net.kielsaenz.consultorio.dao.hibernate.UbigeoDaoHbnTest" name="getProvinciasPorDepartamentoTest"/>
</testsuite>